Removed Pin From Net: NetName=RESET Pin=P14-2
Removed Pin From Net: NetName=DGND Pin=P14-5
Removed Pin From Net: NetName=DGND Pin=P14-7
Removed Pin From Net: NetName=SWCLK Pin=P14-8
Removed Pin From Net: NetName=VCC Pin=P14-9
Removed Pin From Net: NetName=SWDIO Pin=P14-10
Change Component Footprint: Designator=P14 Old Footprint=Header_2x5_50mil New Footprint=AMPHENOL_20021121-00010C4LF
Change Component Comment : Designator=C2 Old Comment=1.0uF New Comment=1uF
Change Component Comment : Designator=C24 Old Comment=1.0uF New Comment=1uF
Change Component Comment : Designator=C25 Old Comment=1.0uF New Comment=1uF
Change Component Comment : Designator=C26 Old Comment=1.0uF New Comment=1uF
Change Component Comment : Designator=P14 Old Comment=Cortex Debug New Comment=20021121-00010C4LF
Change component parameters: Designator = "P14" ("P14"); Footprint = "Header_2x5_50mil"; UniqueID = "\PORTIXDR" ("\PORTIXDR")
Change component parameters (AddParameter): Name = "Check_prices"; Value = "https://www.snapeda.com/parts/20021121-00010C4LF/Amphenol+FCI/view-part/?ref=eda"; VariantName = "[No Variations]"
Change component parameters (AddParameter): Name = "MF"; Value = "Amphenol ICC"; VariantName = "[No Variations]"
Change component parameters (AddParameter): Name = "MP"; Value = "20021121-00010C4LF"; VariantName = "[No Variations]"
Change component parameters (AddParameter): Name = "Package"; Value = "None"; VariantName = "[No Variations]"
Change component parameters (AddParameter): Name = "SnapEDA_Link"; Value = "https://www.snapeda.com/parts/20021121-00010C4LF/Amphenol+FCI/view-part/?ref=snap"; VariantName = "[No Variations]"
Change component parameters (AddParameter): Name = "Value"; Value = ""; VariantName = "[No Variations]"
Added Pin To Net: NetName=RESET Pin=P14-1
Added Pin To Net: NetName=DGND Pin=P14-6
Added Pin To Net: NetName=SWCLK Pin=P14-7
Added Pin To Net: NetName=DGND Pin=P14-8
Added Pin To Net: NetName=SWDIO Pin=P14-9
Added Pin To Net: NetName=VCC Pin=P14-10
