Change Component Comment : Designator=R10 Old Comment=470X New Comment=DNP
Added Pin To Net: NetName=Net*1_1 Pin=*1-1
Added Pin To Net: NetName=Net*1_2 Pin=*1-2
Added Pin To Net: NetName=DGND Pin=C1-1
Added Pin To Net: NetName=V_BATT Pin=C1-2
Added Pin To Net: NetName=DGND Pin=C3-1
Added Pin To Net: NetName=VCC1 Pin=C3-2
Added Pin To Net: NetName=VCC1 Pin=C4-1
Added Pin To Net: NetName=DGND Pin=C4-2
Added Pin To Net: NetName=DGND Pin=C6-1
Added Pin To Net: NetName=VIN Pin=C6-2
Added Pin To Net: NetName=VIN Pin=C7-1
Added Pin To Net: NetName=DGND Pin=C7-2
Added Pin To Net: NetName=VDDD Pin=C8-1
Added Pin To Net: NetName=AGND Pin=C8-2
Added Pin To Net: NetName=AGND Pin=C9-1
Added Pin To Net: NetName=VA Pin=C9-2
Added Pin To Net: NetName=VA Pin=C10-1
Added Pin To Net: NetName=AGND Pin=C10-2
Added Pin To Net: NetName=VIN Pin=C11-1
Added Pin To Net: NetName=AGND Pin=C11-2
Added Pin To Net: NetName=NetC12_1 Pin=C12-1
Added Pin To Net: NetName=AGND Pin=C12-2
Added Pin To Net: NetName=VA Pin=C13-1
Added Pin To Net: NetName=AGND Pin=C13-2
Added Pin To Net: NetName=AGND Pin=C14-1
Added Pin To Net: NetName=VH Pin=C14-2
Added Pin To Net: NetName=VH Pin=C15-1
Added Pin To Net: NetName=AGND Pin=C15-2
Added Pin To Net: NetName=VIN Pin=C16-1
Added Pin To Net: NetName=AGND Pin=C16-2
Added Pin To Net: NetName=VDDIO Pin=C17-1
Added Pin To Net: NetName=AGND Pin=C17-2
Added Pin To Net: NetName=NetC18_1 Pin=C18-1
Added Pin To Net: NetName=AGND Pin=C18-2
Added Pin To Net: NetName=NetC19_1 Pin=C19-1
Added Pin To Net: NetName=AGND Pin=C19-2
Added Pin To Net: NetName=AGND Pin=C20-1
Added Pin To Net: NetName=VDDIO Pin=C20-2
Added Pin To Net: NetName=VDDIO Pin=C21-1
Added Pin To Net: NetName=AGND Pin=C21-2
Added Pin To Net: NetName=VIN Pin=C22-1
Added Pin To Net: NetName=AGND Pin=C22-2
Added Pin To Net: NetName=NetC23_1 Pin=C23-1
Added Pin To Net: NetName=AGND Pin=C23-2
Added Pin To Net: NetName=NetC24_1 Pin=C24-1
Added Pin To Net: NetName=IN_L Pin=C24-2
Added Pin To Net: NetName=VIN Pin=C25-1
Added Pin To Net: NetName=AGND Pin=C25-2
Added Pin To Net: NetName=VDDD Pin=C26-1
Added Pin To Net: NetName=AGND Pin=C26-2
Added Pin To Net: NetName=VIN Pin=C27-1
Added Pin To Net: NetName=DGND Pin=C27-2
Added Pin To Net: NetName=NetC28_1 Pin=C28-1
Added Pin To Net: NetName=DGND Pin=C28-2
Added Pin To Net: NetName=DGND Pin=C30-1
Added Pin To Net: NetName=VCC Pin=C30-2
Added Pin To Net: NetName=VIN Pin=C31-1
Added Pin To Net: NetName=DGND Pin=C31-2
Added Pin To Net: NetName=VCC Pin=C32-1
Added Pin To Net: NetName=DGND Pin=C32-2
Added Pin To Net: NetName=NetC33_1 Pin=C33-1
Added Pin To Net: NetName=DGND Pin=C33-2
Added Pin To Net: NetName=NetD1_A Pin=D1-A
Added Pin To Net: NetName=DGND Pin=D1-K
Added Pin To Net: NetName=V_BATT Pin=D2-A
Added Pin To Net: NetName=POW Pin=D2-K
Added Pin To Net: NetName=VBUS Pin=D3-A
Added Pin To Net: NetName=VIN Pin=D3-K
Added Pin To Net: NetName=DGND Pin=P2-1
Added Pin To Net: NetName=V_BATT Pin=P2-2
Added Pin To Net: NetName=BATT_BACK Pin=P3-1
Added Pin To Net: NetName=DGND Pin=P3-2
Added Pin To Net: NetName=POW Pin=P4-2
Added Pin To Net: NetName=VIN Pin=P4-3
Added Pin To Net: NetName=DN-TX Pin=P5-1
Added Pin To Net: NetName=NetP5_2 Pin=P5-2
Added Pin To Net: NetName=CS1 Pin=P6-2
Added Pin To Net: NetName=MOSI Pin=P6-3
Added Pin To Net: NetName=VCC1 Pin=P6-4
Added Pin To Net: NetName=SCK Pin=P6-5
Added Pin To Net: NetName=DGND Pin=P6-6
Added Pin To Net: NetName=MISO Pin=P6-7
Added Pin To Net: NetName=UP-RX Pin=P7-1
Added Pin To Net: NetName=NetP7_2 Pin=P7-2
Added Pin To Net: NetName=VCC Pin=P8-1
Added Pin To Net: NetName=DGND Pin=P8-2
Added Pin To Net: NetName=SCL Pin=P8-3
Added Pin To Net: NetName=SDA Pin=P8-4
Added Pin To Net: NetName=ENT-RST Pin=P9-1
Added Pin To Net: NetName=NetP9_2 Pin=P9-2
Added Pin To Net: NetName=VH Pin=P11-1
Added Pin To Net: NetName=NetC24_1 Pin=P11-2
Added Pin To Net: NetName=AGND Pin=P11-3
Added Pin To Net: NetName=AGND Pin=P12-1
Added Pin To Net: NetName=DGND Pin=P12-2
Added Pin To Net: NetName=VBUS Pin=P13-1
Added Pin To Net: NetName=D- Pin=P13-2
Added Pin To Net: NetName=D+ Pin=P13-3
Added Pin To Net: NetName=DGND Pin=P13-5
Added Pin To Net: NetName=RESET Pin=P14-2
Added Pin To Net: NetName=DGND Pin=P14-5
Added Pin To Net: NetName=DGND Pin=P14-7
Added Pin To Net: NetName=SWCLK Pin=P14-8
Added Pin To Net: NetName=VCC Pin=P14-9
Added Pin To Net: NetName=SWDIO Pin=P14-10
Added Pin To Net: NetName=VSENS Pin=R1-1
Added Pin To Net: NetName=VIN Pin=R1-2
Added Pin To Net: NetName=DGND Pin=R2-1
Added Pin To Net: NetName=VSENS Pin=R2-2
Added Pin To Net: NetName=NetP5_2 Pin=R3-1
Added Pin To Net: NetName=DGND Pin=R3-2
Added Pin To Net: NetName=VCC1 Pin=R4-1
Added Pin To Net: NetName=CS1 Pin=R4-2
Added Pin To Net: NetName=NetP7_2 Pin=R5-1
Added Pin To Net: NetName=DGND Pin=R5-2
Added Pin To Net: NetName=NetP9_2 Pin=R6-1
Added Pin To Net: NetName=DGND Pin=R6-2
Added Pin To Net: NetName=LED1 Pin=R7-1
Added Pin To Net: NetName=NetD1_A Pin=R7-2
Added Pin To Net: NetName=SDA Pin=R8-1
Added Pin To Net: NetName=VCC Pin=R8-2
Added Pin To Net: NetName=SCL Pin=R9-1
Added Pin To Net: NetName=VCC Pin=R9-2
Added Pin To Net: NetName=NetR10_1 Pin=R10-1
Added Pin To Net: NetName=VCC Pin=R10-2
Added Pin To Net: NetName=V_BATT Pin=U1-1
Added Pin To Net: NetName=DGND Pin=U1-2
Added Pin To Net: NetName=DGND Pin=U1-3
Added Pin To Net: NetName=DGND Pin=U1-5
Added Pin To Net: NetName=POW Pin=U1-6
Added Pin To Net: NetName=VCC Pin=U2-2
Added Pin To Net: NetName=INT Pin=U2-3
Added Pin To Net: NetName=DGND Pin=U2-13
Added Pin To Net: NetName=BATT_BACK Pin=U2-14
Added Pin To Net: NetName=SDA Pin=U2-15
Added Pin To Net: NetName=SCL Pin=U2-16
Added Pin To Net: NetName=VIN Pin=U3-1
Added Pin To Net: NetName=AGND Pin=U3-2
Added Pin To Net: NetName=SGTL_EN Pin=U3-3
Added Pin To Net: NetName=NetC12_1 Pin=U3-4
Added Pin To Net: NetName=VA Pin=U3-5
Added Pin To Net: NetName=AGND Pin=U4-1
Added Pin To Net: NetName=AGND Pin=U4-3
Added Pin To Net: NetName=VA Pin=U4-5
Added Pin To Net: NetName=AGND Pin=U4-7
Added Pin To Net: NetName=NetC19_1 Pin=U4-10
Added Pin To Net: NetName=AGND Pin=U4-13
Added Pin To Net: NetName=IN_L Pin=U4-14
Added Pin To Net: NetName=AGND Pin=U4-15
Added Pin To Net: NetName=VDDIO Pin=U4-20
Added Pin To Net: NetName=MCLK Pin=U4-21
Added Pin To Net: NetName=LRCLK Pin=U4-23
Added Pin To Net: NetName=BCLK Pin=U4-24
Added Pin To Net: NetName=I2SDOUT Pin=U4-25
Added Pin To Net: NetName=I2SDIN Pin=U4-26
Added Pin To Net: NetName=SDA Pin=U4-27
Added Pin To Net: NetName=SCL Pin=U4-29
Added Pin To Net: NetName=VDDD Pin=U4-30
Added Pin To Net: NetName=AGND Pin=U4-31
Added Pin To Net: NetName=AGND Pin=U4-32
Added Pin To Net: NetName=AGND Pin=U4-33
Added Pin To Net: NetName=VIN Pin=U5-1
Added Pin To Net: NetName=AGND Pin=U5-2
Added Pin To Net: NetName=HYDRO_EN Pin=U5-3
Added Pin To Net: NetName=NetC18_1 Pin=U5-4
Added Pin To Net: NetName=VH Pin=U5-5
Added Pin To Net: NetName=VIN Pin=U6-1
Added Pin To Net: NetName=AGND Pin=U6-2
Added Pin To Net: NetName=SGTL_EN Pin=U6-3
Added Pin To Net: NetName=NetC23_1 Pin=U6-4
Added Pin To Net: NetName=VDDIO Pin=U6-5
Added Pin To Net: NetName=VIN Pin=U7-1
Added Pin To Net: NetName=AGND Pin=U7-2
Added Pin To Net: NetName=SGTL_EN Pin=U7-3
Added Pin To Net: NetName=VDDD Pin=U7-5
Added Pin To Net: NetName=VIN Pin=U8-1
Added Pin To Net: NetName=DGND Pin=U8-2
Added Pin To Net: NetName=POW1 Pin=U8-3
Added Pin To Net: NetName=NetC28_1 Pin=U8-4
Added Pin To Net: NetName=VCC1 Pin=U8-5
Added Pin To Net: NetName=VIN Pin=U9-1
Added Pin To Net: NetName=DGND Pin=U9-2
Added Pin To Net: NetName=VIN Pin=U9-3
Added Pin To Net: NetName=NetC33_1 Pin=U9-4
Added Pin To Net: NetName=VCC Pin=U9-5
Added Pin To Net: NetName=VCC Pin=U10-3
Added Pin To Net: NetName=DGND Pin=U10-4
Added Pin To Net: NetName=D+ Pin=U10-5
Added Pin To Net: NetName=D- Pin=U10-6
Added Pin To Net: NetName=VCC Pin=U10-7
Added Pin To Net: NetName=NetR10_1 Pin=U10-13
Added Pin To Net: NetName=VCC Pin=U10-14
Added Pin To Net: NetName=DGND Pin=U10-15
Added Pin To Net: NetName=DGND Pin=U10-16
Added Pin To Net: NetName=VREF_OUT Pin=U10-17
Added Pin To Net: NetName=Net*1_2 Pin=U10-19
Added Pin To Net: NetName=Net*1_1 Pin=U10-20
Added Pin To Net: NetName=VCC Pin=U10-21
Added Pin To Net: NetName=SWCLK Pin=U10-22
Added Pin To Net: NetName=SWDIO Pin=U10-25
Added Pin To Net: NetName=DN-TX Pin=U10-28
Added Pin To Net: NetName=UP-RX Pin=U10-29
Added Pin To Net: NetName=VCC Pin=U10-30
Added Pin To Net: NetName=DGND Pin=U10-31
Added Pin To Net: NetName=NetU10_32 Pin=U10-32
Added Pin To Net: NetName=NetU10_33 Pin=U10-33
Added Pin To Net: NetName=RESET Pin=U10-34
Added Pin To Net: NetName=INT Pin=U10-35
Added Pin To Net: NetName=LED1 Pin=U10-36
Added Pin To Net: NetName=SCL Pin=U10-37
Added Pin To Net: NetName=SDA Pin=U10-38
Added Pin To Net: NetName=I2SDIN Pin=U10-44
Added Pin To Net: NetName=LRCLK Pin=U10-45
Added Pin To Net: NetName=BCLK Pin=U10-46
Added Pin To Net: NetName=DGND Pin=U10-47
Added Pin To Net: NetName=VCC Pin=U10-48
Added Pin To Net: NetName=CS1 Pin=U10-49
Added Pin To Net: NetName=I2SDOUT Pin=U10-50
Added Pin To Net: NetName=MCLK Pin=U10-51
Added Pin To Net: NetName=MISO Pin=U10-52
Added Pin To Net: NetName=HYDRO_EN Pin=U10-57
Added Pin To Net: NetName=SCK Pin=U10-58
Added Pin To Net: NetName=MOSI Pin=U10-59
Added Pin To Net: NetName=ENT-RST Pin=U10-60
Added Pin To Net: NetName=SGTL_EN Pin=U10-61
Added Pin To Net: NetName=POW1 Pin=U10-62
Added Pin To Net: NetName=VSENS Pin=U10-63
Added Pin To Net: NetName=NetU10_33 Pin=Y1-1
Added Pin To Net: NetName=DGND Pin=Y1-2
Added Pin To Net: NetName=NetU10_32 Pin=Y1-3
Added Pin To Net: NetName=DGND Pin=Y1-4
Added Class: Name=LS1-LS2_audio
Added Class: Name=LS1-LS2
Added Room: Name=LS1-LS2
Added Room: Name=LS1-LS2_audio
